[1104/221124.672:WARNING:spdy_session.cc(3365)] Received HEADERS for invalid stream 1
[1104/221124.675:WARNING:spdy_session.cc(3365)] Received HEADERS for invalid stream 7
[1104/221124.740:WARNING:spdy_session.cc(3365)] Received HEADERS for invalid stream 5
[1104/221124.740:WARNING:spdy_session.cc(3365)] Received HEADERS for invalid stream 3
[1104/221326.188:ERROR:audio_rtp_receiver.cc(89)] AudioRtpReceiver::OnSetVolume: No audio channel exists.
[1104/221326.189:WARNING:used_ids.h(55)] Duplicate id found. Reassigning from 104 to 127
[1104/221326.189:WARNING:used_ids.h(55)] Duplicate id found. Reassigning from 102 to 125
[1104/221326.189:WARNING:used_ids.h(55)] Duplicate id found. Reassigning from 104 to 124
[1104/221326.189:WARNING:used_ids.h(55)] Duplicate id found. Reassigning from 106 to 123
[1104/221326.189:WARNING:used_ids.h(55)] Duplicate id found. Reassigning from 103 to 122
[1104/221326.189:WARNING:used_ids.h(55)] Duplicate id found. Reassigning from 105 to 121
[1104/221326.189:WARNING:used_ids.h(55)] Duplicate id found. Reassigning from 109 to 120
[1104/221326.189:WARNING:used_ids.h(55)] Duplicate id found. Reassigning from 1 to 14
[1104/221326.189:WARNING:used_ids.h(55)] Duplicate id found. Reassigning from 3 to 13
[1104/221326.189:WARNING:used_ids.h(55)] Duplicate id found. Reassigning from 5 to 12
[1104/221326.189:WARNING:used_ids.h(55)] Duplicate id found. Reassigning from 6 to 11
[1104/221346.839:ERROR:audio_rtp_receiver.cc(89)] AudioRtpReceiver::OnSetVolume: No audio channel exists.
[1104/221346.840:WARNING:used_ids.h(55)] Duplicate id found. Reassigning from 104 to 127
[1104/221346.840:WARNING:used_ids.h(55)] Duplicate id found. Reassigning from 102 to 125
[1104/221346.840:WARNING:used_ids.h(55)] Duplicate id found. Reassigning from 104 to 124
[1104/221346.840:WARNING:used_ids.h(55)] Duplicate id found. Reassigning from 106 to 123
[1104/221346.840:WARNING:used_ids.h(55)] Duplicate id found. Reassigning from 103 to 122
[1104/221346.840:WARNING:used_ids.h(55)] Duplicate id found. Reassigning from 105 to 121
[1104/221346.840:WARNING:used_ids.h(55)] Duplicate id found. Reassigning from 109 to 120
[1104/221346.840:WARNING:used_ids.h(55)] Duplicate id found. Reassigning from 1 to 14
[1104/221346.840:WARNING:used_ids.h(55)] Duplicate id found. Reassigning from 3 to 13
[1104/221346.840:WARNING:used_ids.h(55)] Duplicate id found. Reassigning from 5 to 12
[1104/221346.840:WARNING:used_ids.h(55)] Duplicate id found. Reassigning from 6 to 11
[1104/221401.183:ERROR:audio_rtp_receiver.cc(89)] AudioRtpReceiver::OnSetVolume: No audio channel exists.
[1104/221401.183:WARNING:used_ids.h(55)] Duplicate id found. Reassigning from 104 to 127
[1104/221401.183:WARNING:used_ids.h(55)] Duplicate id found. Reassigning from 102 to 125
[1104/221401.183:WARNING:used_ids.h(55)] Duplicate id found. Reassigning from 104 to 124
[1104/221401.183:WARNING:used_ids.h(55)] Duplicate id found. Reassigning from 106 to 123
[1104/221401.183:WARNING:used_ids.h(55)] Duplicate id found. Reassigning from 103 to 122
[1104/221401.183:WARNING:used_ids.h(55)] Duplicate id found. Reassigning from 105 to 121
[1104/221401.183:WARNING:used_ids.h(55)] Duplicate id found. Reassigning from 109 to 120
[1104/221401.183:WARNING:used_ids.h(55)] Duplicate id found. Reassigning from 1 to 14
[1104/221401.183:WARNING:used_ids.h(55)] Duplicate id found. Reassigning from 3 to 13
[1104/221401.183:WARNING:used_ids.h(55)] Duplicate id found. Reassigning from 5 to 12
[1104/221401.183:WARNING:used_ids.h(55)] Duplicate id found. Reassigning from 6 to 11
[1104/221448.421:ERROR:batching_media_log.cc(38)] MediaEvent: {"error":"FFmpegDemuxer: no supported streams"}
[1104/221448.446:ERROR:batching_media_log.cc(35)] MediaEvent: {"pipeline_error":14}
[1104/221449.117:ERROR:batching_media_log.cc(38)] MediaEvent: {"error":"FFmpegDemuxer: no supported streams"}
[1104/221449.117:ERROR:batching_media_log.cc(35)] MediaEvent: {"pipeline_error":14}
[1106/172042.376:ERROR:tcp_socket_win.cc(870)] connect failed: 10013
[1113/191357.791:ERROR:batching_media_log.cc(38)] MediaEvent: {"error":"FFmpegDemuxer: no supported streams"}
[1113/191357.824:ERROR:batching_media_log.cc(35)] MediaEvent: {"pipeline_error":14}
[1113/191357.937:WARNING:spdy_session.cc(3365)] Received HEADERS for invalid stream 5
[1113/191358.997:ERROR:batching_media_log.cc(38)] MediaEvent: {"error":"FFmpegDemuxer: no supported streams"}
[1113/191358.997:ERROR:batching_media_log.cc(35)] MediaEvent: {"pipeline_error":14}
